# JRE version: Java(TM) SE Runtime Environment (20.0.2+9) (build 20.0.2+9-78)
# Java VM: Java HotSpot(TM) 64-Bit Server VM (20.0.2+9-78, mixed mode, sharing, tiered, compressed oops, compressed class ptrs, g1 gc, windows-amd64)
GC Precious Log:
 CardTable entry size: 512
 Card Set container configuration: InlinePtr #cards 5 size 8 Array Of Cards #cards 12 size 40 Howl #buckets 4 coarsen threshold 1843 Howl Bitmap #cards 512 size 80 coarsen threshold 460 Card regions per heap region 1 cards per card region 2048
 CPUs: 8 total, 8 available
 Memory: 8101M
 Large Page Support: Disabled
 NUMA Support: Disabled
 Compressed Oops: Enabled (32-bit)
 Heap Region Size: 1M
 Heap Min Capacity: 8M
 Heap Initial Capacity: 128M
 Heap Max Capacity: 2026M
 Pre-touch: Disabled
 Parallel Workers: 8
 Concurrent Workers: 2
 Concurrent Refinement Workers: 8
 Periodic GC: Disabled
Heap:
 garbage-first heap   total 94208K, used 70812K [0x0000000081600000, 0x0000000100000000)
  region size 1024K, 37 young (37888K), 4 survivors (4096K)
 Metaspace       used 98072K, committed 99008K, reserved 1179648K
  class space    used 11482K, committed 11904K, reserved 1048576K
GC Heap History (20 events):
Event: 6897.201 GC heap after
{Heap after GC invocations=99 (full 23):
 garbage-first heap   total 94208K, used 36860K [0x0000000081600000, 0x0000000100000000)
  region size 1024K, 4 young (4096K), 4 survivors (4096K)
 Metaspace       used 95534K, committed 96512K, reserved 1179648K
  class space    used 11268K, committed 11712K, reserved 1048576K
}
Event: 7303.143 GC heap before
{Heap before GC invocations=100 (full 23):
 garbage-first heap   total 94208K, used 79868K [0x0000000081600000, 0x0000000100000000)
  region size 1024K, 46 young (47104K), 4 survivors (4096K)
 Metaspace       used 95965K, committed 96896K, reserved 1179648K
  class space    used 11283K, committed 11712K, reserved 1048576K
}
Event: 7303.147 GC heap after
{Heap after GC invocations=101 (full 23):
 garbage-first heap   total 94208K, used 38492K [0x0000000081600000, 0x0000000100000000)
  region size 1024K, 3 young (3072K), 3 survivors (3072K)
 Metaspace       used 95965K, committed 96896K, reserved 1179648K
  class space    used 11283K, committed 11712K, reserved 1048576K
}
Event: 7326.695 GC heap before
{Heap before GC invocations=101 (full 23):
 garbage-first heap   total 94208K, used 40540K [0x0000000081600000, 0x0000000100000000)
  region size 1024K, 6 young (6144K), 3 survivors (3072K)
 Metaspace       used 95984K, committed 96896K, reserved 1179648K
  class space    used 11283K, committed 11712K, reserved 1048576K
}
Event: 7326.747 GC heap after
{Heap after GC invocations=102 (full 24):
 garbage-first heap   total 94208K, used 32836K [0x0000000081600000, 0x0000000100000000)
  region size 1024K, 0 young (0K), 0 survivors (0K)
 Metaspace       used 95976K, committed 96896K, reserved 1179648K
  class space    used 11281K, committed 11712K, reserved 1048576K
}
Event: 7327.139 GC heap before
{Heap before GC invocations=102 (full 24):
 garbage-first heap   total 94208K, used 79940K [0x0000000081600000, 0x0000000100000000)
  region size 1024K, 47 young (48128K), 0 survivors (0K)
 Metaspace       used 96072K, committed 96960K, reserved 1179648K
  class space    used 11296K, committed 11712K, reserved 1048576K
}
Event: 7327.142 GC heap after
{Heap after GC invocations=103 (full 24):
 garbage-first heap   total 94208K, used 36503K [0x0000000081600000, 0x0000000100000000)
  region size 1024K, 4 young (4096K), 4 survivors (4096K)
 Metaspace       used 96072K, committed 96960K, reserved 1179648K
  class space    used 11296K, committed 11712K, reserved 1048576K
}
Event: 7761.653 GC heap before
{Heap before GC invocations=104 (full 24):
 garbage-first heap   total 94208K, used 80535K [0x0000000081600000, 0x0000000100000000)
  region size 1024K, 47 young (48128K), 4 survivors (4096K)
 Metaspace       used 96322K, committed 97216K, reserved 1179648K
  class space    used 11311K, committed 11712K, reserved 1048576K
}
Event: 7761.656 GC heap after
{Heap after GC invocations=105 (full 24):
 garbage-first heap   total 94208K, used 38114K [0x0000000081600000, 0x0000000100000000)
  region size 1024K, 3 young (3072K), 3 survivors (3072K)
 Metaspace       used 96322K, committed 97216K, reserved 1179648K
  class space    used 11311K, committed 11712K, reserved 1048576K
}
Event: 8205.567 GC heap before
{Heap before GC invocations=105 (full 24):
 garbage-first heap   total 94208K, used 55522K [0x0000000081600000, 0x0000000100000000)
  region size 1024K, 21 young (21504K), 3 survivors (3072K)
 Metaspace       used 96358K, committed 97280K, reserved 1179648K
  class space    used 11312K, committed 11776K, reserved 1048576K
}
Event: 8205.618 GC heap after
{Heap after GC invocations=106 (full 25):
 garbage-first heap   total 94208K, used 32833K [0x0000000081600000, 0x0000000100000000)
  region size 1024K, 0 young (0K), 0 survivors (0K)
 Metaspace       used 96356K, committed 97280K, reserved 1179648K
  class space    used 11312K, committed 11776K, reserved 1048576K
}
Event: 8206.030 GC heap before
{Heap before GC invocations=106 (full 25):
 garbage-first heap   total 94208K, used 80961K [0x0000000081600000, 0x0000000100000000)
  region size 1024K, 48 young (49152K), 0 survivors (0K)
 Metaspace       used 96490K, committed 97408K, reserved 1179648K
  class space    used 11328K, committed 11776K, reserved 1048576K
}
Event: 8206.033 GC heap after
{Heap after GC invocations=107 (full 25):
 garbage-first heap   total 94208K, used 36556K [0x0000000081600000, 0x0000000100000000)
  region size 1024K, 4 young (4096K), 4 survivors (4096K)
 Metaspace       used 96490K, committed 97408K, reserved 1179648K
  class space    used 11328K, committed 11776K, reserved 1048576K
}
Event: 8341.905 GC heap before
{Heap before GC invocations=108 (full 25):
 garbage-first heap   total 94208K, used 80588K [0x0000000081600000, 0x0000000100000000)
  region size 1024K, 48 young (49152K), 4 survivors (4096K)
 Metaspace       used 97370K, committed 98304K, reserved 1179648K
  class space    used 11421K, committed 11840K, reserved 1048576K
}
Event: 8341.909 GC heap after
{Heap after GC invocations=109 (full 25):
 garbage-first heap   total 94208K, used 38944K [0x0000000081600000, 0x0000000100000000)
  region size 1024K, 4 young (4096K), 4 survivors (4096K)
 Metaspace       used 97370K, committed 98304K, reserved 1179648K
  class space    used 11421K, committed 11840K, reserved 1048576K
}
Event: 8428.726 GC heap before
{Heap before GC invocations=109 (full 25):
 garbage-first heap   total 94208K, used 43040K [0x0000000081600000, 0x0000000100000000)
  region size 1024K, 9 young (9216K), 4 survivors (4096K)
 Metaspace       used 97623K, committed 98560K, reserved 1179648K
  class space    used 11443K, committed 11840K, reserved 1048576K
}
Event: 8428.774 GC heap after
{Heap after GC invocations=110 (full 26):
 garbage-first heap   total 94208K, used 34038K [0x0000000081600000, 0x0000000100000000)
  region size 1024K, 0 young (0K), 0 survivors (0K)
 Metaspace       used 97611K, committed 98560K, reserved 1179648K
  class space    used 11442K, committed 11840K, reserved 1048576K
}
Event: 8429.166 GC heap before
{Heap before GC invocations=110 (full 26):
 garbage-first heap   total 94208K, used 81142K [0x0000000081600000, 0x0000000100000000)
  region size 1024K, 47 young (48128K), 0 survivors (0K)
 Metaspace       used 97786K, committed 98624K, reserved 1179648K
  class space    used 11467K, committed 11840K, reserved 1048576K
}
Event: 8429.169 GC heap after
{Heap after GC invocations=111 (full 26):
 garbage-first heap   total 94208K, used 37634K [0x0000000081600000, 0x0000000100000000)
  region size 1024K, 4 young (4096K), 4 survivors (4096K)
 Metaspace       used 97786K, committed 98624K, reserved 1179648K
  class space    used 11467K, committed 11840K, reserved 1048576K
}
Event: 8518.757 GC heap before
{Heap before GC invocations=112 (full 26):
 garbage-first heap   total 94208K, used 70402K [0x0000000081600000, 0x0000000100000000)
  region size 1024K, 37 young (37888K), 4 survivors (4096K)
 Metaspace       used 98072K, committed 99008K, reserved 1179648K
  class space    used 11482K, committed 11904K, reserved 1048576K
}

