# JRE version: Java(TM) SE Runtime Environment (20.0.2+9) (build 20.0.2+9-78)
# Java VM: Java HotSpot(TM) 64-Bit Server VM (20.0.2+9-78, mixed mode, sharing, tiered, compressed oops, compressed class ptrs, g1 gc, windows-amd64)
GC Precious Log:
 CardTable entry size: 512
 Card Set container configuration: InlinePtr #cards 5 size 8 Array Of Cards #cards 12 size 40 Howl #buckets 4 coarsen threshold 1843 Howl Bitmap #cards 512 size 80 coarsen threshold 460 Card regions per heap region 1 cards per card region 2048
 CPUs: 8 total, 8 available
 Memory: 8101M
 Large Page Support: Disabled
 NUMA Support: Disabled
 Compressed Oops: Enabled (32-bit)
 Heap Region Size: 1M
 Heap Min Capacity: 8M
 Heap Initial Capacity: 128M
 Heap Max Capacity: 2026M
 Pre-touch: Disabled
 Parallel Workers: 8
 Concurrent Workers: 2
 Concurrent Refinement Workers: 8
 Periodic GC: Disabled
Heap:
 garbage-first heap   total 79872K, used 61436K [0x0000000081600000, 0x0000000100000000)
  region size 1024K, 27 young (27648K), 3 survivors (3072K)
 Metaspace       used 92741K, committed 93568K, reserved 1179648K
  class space    used 11002K, committed 11392K, reserved 1048576K
GC Heap History (20 events):
Event: 2003.015 GC heap after
{Heap after GC invocations=79 (full 14):
 garbage-first heap   total 79872K, used 36670K [0x0000000081600000, 0x0000000100000000)
  region size 1024K, 3 young (3072K), 3 survivors (3072K)
 Metaspace       used 89657K, committed 90624K, reserved 1179648K
  class space    used 10708K, committed 11200K, reserved 1048576K
}
Event: 2177.842 GC heap before
{Heap before GC invocations=79 (full 14):
 garbage-first heap   total 79872K, used 43838K [0x0000000081600000, 0x0000000100000000)
  region size 1024K, 11 young (11264K), 3 survivors (3072K)
 Metaspace       used 89702K, committed 90688K, reserved 1179648K
  class space    used 10709K, committed 11200K, reserved 1048576K
}
Event: 2177.890 GC heap after
{Heap after GC invocations=80 (full 15):
 garbage-first heap   total 79872K, used 31458K [0x0000000081600000, 0x0000000100000000)
  region size 1024K, 0 young (0K), 0 survivors (0K)
 Metaspace       used 89661K, committed 90688K, reserved 1179648K
  class space    used 10698K, committed 11200K, reserved 1048576K
}
Event: 2178.263 GC heap before
{Heap before GC invocations=80 (full 15):
 garbage-first heap   total 79872K, used 67298K [0x0000000081600000, 0x0000000100000000)
  region size 1024K, 36 young (36864K), 0 survivors (0K)
 Metaspace       used 89740K, committed 90688K, reserved 1179648K
  class space    used 10707K, committed 11200K, reserved 1048576K
}
Event: 2178.266 GC heap after
{Heap after GC invocations=81 (full 15):
 garbage-first heap   total 79872K, used 34456K [0x0000000081600000, 0x0000000100000000)
  region size 1024K, 3 young (3072K), 3 survivors (3072K)
 Metaspace       used 89740K, committed 90688K, reserved 1179648K
  class space    used 10707K, committed 11200K, reserved 1048576K
}
Event: 2178.611 GC heap before
{Heap before GC invocations=82 (full 15):
 garbage-first heap   total 79872K, used 68248K [0x0000000081600000, 0x0000000100000000)
  region size 1024K, 36 young (36864K), 3 survivors (3072K)
 Metaspace       used 89915K, committed 90880K, reserved 1179648K
  class space    used 10687K, committed 11200K, reserved 1048576K
}
Event: 2178.615 GC heap after
{Heap after GC invocations=83 (full 15):
 garbage-first heap   total 79872K, used 36390K [0x0000000081600000, 0x0000000100000000)
  region size 1024K, 3 young (3072K), 3 survivors (3072K)
 Metaspace       used 89915K, committed 90880K, reserved 1179648K
  class space    used 10687K, committed 11200K, reserved 1048576K
}
Event: 2193.487 GC heap before
{Heap before GC invocations=83 (full 15):
 garbage-first heap   total 79872K, used 38438K [0x0000000081600000, 0x0000000100000000)
  region size 1024K, 6 young (6144K), 3 survivors (3072K)
 Metaspace       used 89928K, committed 90880K, reserved 1179648K
  class space    used 10688K, committed 11200K, reserved 1048576K
}
Event: 2193.536 GC heap after
{Heap after GC invocations=84 (full 16):
 garbage-first heap   total 79872K, used 30963K [0x0000000081600000, 0x0000000100000000)
  region size 1024K, 0 young (0K), 0 survivors (0K)
 Metaspace       used 89925K, committed 90880K, reserved 1179648K
  class space    used 10687K, committed 11200K, reserved 1048576K
}
Event: 2193.887 GC heap before
{Heap before GC invocations=84 (full 16):
 garbage-first heap   total 79872K, used 68851K [0x0000000081600000, 0x0000000100000000)
  region size 1024K, 38 young (38912K), 0 survivors (0K)
 Metaspace       used 89989K, committed 90880K, reserved 1179648K
  class space    used 10696K, committed 11200K, reserved 1048576K
}
Event: 2193.890 GC heap after
{Heap after GC invocations=85 (full 16):
 garbage-first heap   total 79872K, used 33994K [0x0000000081600000, 0x0000000100000000)
  region size 1024K, 3 young (3072K), 3 survivors (3072K)
 Metaspace       used 89989K, committed 90880K, reserved 1179648K
  class space    used 10696K, committed 11200K, reserved 1048576K
}
Event: 2225.511 GC heap before
{Heap before GC invocations=86 (full 16):
 garbage-first heap   total 79872K, used 69834K [0x0000000081600000, 0x0000000100000000)
  region size 1024K, 39 young (39936K), 3 survivors (3072K)
 Metaspace       used 90306K, committed 91264K, reserved 1179648K
  class space    used 10712K, committed 11200K, reserved 1048576K
}
Event: 2225.515 GC heap after
{Heap after GC invocations=87 (full 16):
 garbage-first heap   total 79872K, used 36823K [0x0000000081600000, 0x0000000100000000)
  region size 1024K, 4 young (4096K), 4 survivors (4096K)
 Metaspace       used 90306K, committed 91264K, reserved 1179648K
  class space    used 10712K, committed 11200K, reserved 1048576K
}
Event: 2298.865 GC heap before
{Heap before GC invocations=87 (full 16):
 garbage-first heap   total 79872K, used 53207K [0x0000000081600000, 0x0000000100000000)
  region size 1024K, 22 young (22528K), 4 survivors (4096K)
 Metaspace       used 90618K, committed 91584K, reserved 1179648K
  class space    used 10722K, committed 11200K, reserved 1048576K
}
Event: 2298.916 GC heap after
{Heap after GC invocations=88 (full 17):
 garbage-first heap   total 79872K, used 31675K [0x0000000081600000, 0x0000000100000000)
  region size 1024K, 0 young (0K), 0 survivors (0K)
 Metaspace       used 90589K, committed 91584K, reserved 1179648K
  class space    used 10719K, committed 11200K, reserved 1048576K
}
Event: 2299.309 GC heap before
{Heap before GC invocations=88 (full 17):
 garbage-first heap   total 79872K, used 66491K [0x0000000081600000, 0x0000000100000000)
  region size 1024K, 35 young (35840K), 0 survivors (0K)
 Metaspace       used 90667K, committed 91584K, reserved 1179648K
  class space    used 10728K, committed 11200K, reserved 1048576K
}
Event: 2299.312 GC heap after
{Heap after GC invocations=89 (full 17):
 garbage-first heap   total 79872K, used 34644K [0x0000000081600000, 0x0000000100000000)
  region size 1024K, 3 young (3072K), 3 survivors (3072K)
 Metaspace       used 90667K, committed 91584K, reserved 1179648K
  class space    used 10728K, committed 11200K, reserved 1048576K
}
Event: 2299.624 GC heap before
{Heap before GC invocations=90 (full 17):
 garbage-first heap   total 79872K, used 68436K [0x0000000081600000, 0x0000000100000000)
  region size 1024K, 36 young (36864K), 3 survivors (3072K)
 Metaspace       used 90979K, committed 91904K, reserved 1179648K
  class space    used 10743K, committed 11200K, reserved 1048576K
}
Event: 2299.628 GC heap after
{Heap after GC invocations=91 (full 17):
 garbage-first heap   total 79872K, used 36990K [0x0000000081600000, 0x0000000100000000)
  region size 1024K, 3 young (3072K), 3 survivors (3072K)
 Metaspace       used 90979K, committed 91904K, reserved 1179648K
  class space    used 10743K, committed 11200K, reserved 1048576K
}
Event: 2400.589 GC heap before
{Heap before GC invocations=91 (full 17):
 garbage-first heap   total 79872K, used 59518K [0x0000000081600000, 0x0000000100000000)
  region size 1024K, 27 young (27648K), 3 survivors (3072K)
 Metaspace       used 92741K, committed 93568K, reserved 1179648K
  class space    used 11002K, committed 11392K, reserved 1048576K
}

