# JRE version: Java(TM) SE Runtime Environment (20.0.2+9) (build 20.0.2+9-78)
# Java VM: Java HotSpot(TM) 64-Bit Server VM (20.0.2+9-78, mixed mode, sharing, tiered, compressed oops, compressed class ptrs, g1 gc, windows-amd64)
GC Precious Log:
 CardTable entry size: 512
 Card Set container configuration: InlinePtr #cards 5 size 8 Array Of Cards #cards 12 size 40 Howl #buckets 4 coarsen threshold 1843 Howl Bitmap #cards 512 size 80 coarsen threshold 460 Card regions per heap region 1 cards per card region 2048
 CPUs: 8 total, 8 available
 Memory: 8101M
 Large Page Support: Disabled
 NUMA Support: Disabled
 Compressed Oops: Enabled (32-bit)
 Heap Region Size: 1M
 Heap Min Capacity: 8M
 Heap Initial Capacity: 128M
 Heap Max Capacity: 2026M
 Pre-touch: Disabled
 Parallel Workers: 8
 Concurrent Workers: 2
 Concurrent Refinement Workers: 8
 Periodic GC: Disabled
Heap:
 garbage-first heap   total 86016K, used 54914K [0x0000000081600000, 0x0000000100000000)
  region size 1024K, 26 young (26624K), 4 survivors (4096K)
 Metaspace       used 89619K, committed 90432K, reserved 1179648K
  class space    used 10716K, committed 11072K, reserved 1048576K
GC Heap History (20 events):
Event: 3379.147 GC heap after
{Heap after GC invocations=53 (full 11):
 garbage-first heap   total 86016K, used 28223K [0x0000000081600000, 0x0000000100000000)
  region size 1024K, 0 young (0K), 0 survivors (0K)
 Metaspace       used 87925K, committed 88704K, reserved 1179648K
  class space    used 10616K, committed 11008K, reserved 1048576K
}
Event: 3379.552 GC heap before
{Heap before GC invocations=53 (full 11):
 garbage-first heap   total 86016K, used 72255K [0x0000000081600000, 0x0000000100000000)
  region size 1024K, 44 young (45056K), 0 survivors (0K)
 Metaspace       used 88033K, committed 88768K, reserved 1179648K
  class space    used 10623K, committed 11008K, reserved 1048576K
}
Event: 3379.554 GC heap after
{Heap after GC invocations=54 (full 11):
 garbage-first heap   total 86016K, used 31576K [0x0000000081600000, 0x0000000100000000)
  region size 1024K, 4 young (4096K), 4 survivors (4096K)
 Metaspace       used 88033K, committed 88768K, reserved 1179648K
  class space    used 10623K, committed 11008K, reserved 1048576K
}
Event: 3494.613 GC heap before
{Heap before GC invocations=54 (full 11):
 garbage-first heap   total 86016K, used 56152K [0x0000000081600000, 0x0000000100000000)
  region size 1024K, 29 young (29696K), 4 survivors (4096K)
 Metaspace       used 88189K, committed 88960K, reserved 1179648K
  class space    used 10629K, committed 11008K, reserved 1048576K
}
Event: 3494.658 GC heap after
{Heap after GC invocations=55 (full 12):
 garbage-first heap   total 86016K, used 28409K [0x0000000081600000, 0x0000000100000000)
  region size 1024K, 0 young (0K), 0 survivors (0K)
 Metaspace       used 88186K, committed 88960K, reserved 1179648K
  class space    used 10628K, committed 11008K, reserved 1048576K
}
Event: 3495.090 GC heap before
{Heap before GC invocations=55 (full 12):
 garbage-first heap   total 86016K, used 72441K [0x0000000081600000, 0x0000000100000000)
  region size 1024K, 44 young (45056K), 0 survivors (0K)
 Metaspace       used 88320K, committed 89088K, reserved 1179648K
  class space    used 10636K, committed 11008K, reserved 1048576K
}
Event: 3495.092 GC heap after
{Heap after GC invocations=56 (full 12):
 garbage-first heap   total 86016K, used 31889K [0x0000000081600000, 0x0000000100000000)
  region size 1024K, 4 young (4096K), 4 survivors (4096K)
 Metaspace       used 88320K, committed 89088K, reserved 1179648K
  class space    used 10636K, committed 11008K, reserved 1048576K
}
Event: 3534.516 GC heap before
{Heap before GC invocations=56 (full 12):
 garbage-first heap   total 86016K, used 54417K [0x0000000081600000, 0x0000000100000000)
  region size 1024K, 27 young (27648K), 4 survivors (4096K)
 Metaspace       used 88659K, committed 89472K, reserved 1179648K
  class space    used 10669K, committed 11008K, reserved 1048576K
}
Event: 3534.555 GC heap after
{Heap after GC invocations=57 (full 13):
 garbage-first heap   total 86016K, used 29135K [0x0000000081600000, 0x0000000100000000)
  region size 1024K, 0 young (0K), 0 survivors (0K)
 Metaspace       used 88657K, committed 89472K, reserved 1179648K
  class space    used 10669K, committed 11008K, reserved 1048576K
}
Event: 3534.959 GC heap before
{Heap before GC invocations=57 (full 13):
 garbage-first heap   total 86016K, used 73167K [0x0000000081600000, 0x0000000100000000)
  region size 1024K, 44 young (45056K), 0 survivors (0K)
 Metaspace       used 88822K, committed 89536K, reserved 1179648K
  class space    used 10677K, committed 11008K, reserved 1048576K
}
Event: 3534.962 GC heap after
{Heap after GC invocations=58 (full 13):
 garbage-first heap   total 86016K, used 32444K [0x0000000081600000, 0x0000000100000000)
  region size 1024K, 4 young (4096K), 4 survivors (4096K)
 Metaspace       used 88822K, committed 89536K, reserved 1179648K
  class space    used 10677K, committed 11008K, reserved 1048576K
}
Event: 3549.754 GC heap before
{Heap before GC invocations=58 (full 13):
 garbage-first heap   total 86016K, used 52924K [0x0000000081600000, 0x0000000100000000)
  region size 1024K, 25 young (25600K), 4 survivors (4096K)
 Metaspace       used 89049K, committed 89792K, reserved 1179648K
  class space    used 10690K, committed 11008K, reserved 1048576K
}
Event: 3549.795 GC heap after
{Heap after GC invocations=59 (full 14):
 garbage-first heap   total 86016K, used 28801K [0x0000000081600000, 0x0000000100000000)
  region size 1024K, 0 young (0K), 0 survivors (0K)
 Metaspace       used 89047K, committed 89792K, reserved 1179648K
  class space    used 10689K, committed 11008K, reserved 1048576K
}
Event: 3550.196 GC heap before
{Heap before GC invocations=59 (full 14):
 garbage-first heap   total 86016K, used 72833K [0x0000000081600000, 0x0000000100000000)
  region size 1024K, 44 young (45056K), 0 survivors (0K)
 Metaspace       used 89164K, committed 89984K, reserved 1179648K
  class space    used 10695K, committed 11072K, reserved 1048576K
}
Event: 3550.199 GC heap after
{Heap after GC invocations=60 (full 14):
 garbage-first heap   total 86016K, used 32264K [0x0000000081600000, 0x0000000100000000)
  region size 1024K, 4 young (4096K), 4 survivors (4096K)
 Metaspace       used 89164K, committed 89984K, reserved 1179648K
  class space    used 10695K, committed 11072K, reserved 1048576K
}
Event: 3568.062 GC heap before
{Heap before GC invocations=60 (full 14):
 garbage-first heap   total 86016K, used 51720K [0x0000000081600000, 0x0000000100000000)
  region size 1024K, 25 young (25600K), 4 survivors (4096K)
 Metaspace       used 89299K, committed 90112K, reserved 1179648K
  class space    used 10702K, committed 11072K, reserved 1048576K
}
Event: 3568.103 GC heap after
{Heap after GC invocations=61 (full 15):
 garbage-first heap   total 86016K, used 28963K [0x0000000081600000, 0x0000000100000000)
  region size 1024K, 0 young (0K), 0 survivors (0K)
 Metaspace       used 89297K, committed 90112K, reserved 1179648K
  class space    used 10701K, committed 11072K, reserved 1048576K
}
Event: 3568.529 GC heap before
{Heap before GC invocations=61 (full 15):
 garbage-first heap   total 86016K, used 72995K [0x0000000081600000, 0x0000000100000000)
  region size 1024K, 44 young (45056K), 0 survivors (0K)
 Metaspace       used 89444K, committed 90240K, reserved 1179648K
  class space    used 10708K, committed 11072K, reserved 1048576K
}
Event: 3568.532 GC heap after
{Heap after GC invocations=62 (full 15):
 garbage-first heap   total 86016K, used 32426K [0x0000000081600000, 0x0000000100000000)
  region size 1024K, 4 young (4096K), 4 survivors (4096K)
 Metaspace       used 89444K, committed 90240K, reserved 1179648K
  class space    used 10708K, committed 11072K, reserved 1048576K
}
Event: 3621.454 GC heap before
{Heap before GC invocations=62 (full 15):
 garbage-first heap   total 86016K, used 53930K [0x0000000081600000, 0x0000000100000000)
  region size 1024K, 26 young (26624K), 4 survivors (4096K)
 Metaspace       used 89619K, committed 90432K, reserved 1179648K
  class space    used 10716K, committed 11072K, reserved 1048576K
}

