# JRE version: Java(TM) SE Runtime Environment (20.0.2+9) (build 20.0.2+9-78)
# Java VM: Java HotSpot(TM) 64-Bit Server VM (20.0.2+9-78, mixed mode, sharing, tiered, compressed oops, compressed class ptrs, g1 gc, windows-amd64)
GC Precious Log:
 CardTable entry size: 512
 Card Set container configuration: InlinePtr #cards 5 size 8 Array Of Cards #cards 12 size 40 Howl #buckets 4 coarsen threshold 1843 Howl Bitmap #cards 512 size 80 coarsen threshold 460 Card regions per heap region 1 cards per card region 2048
 CPUs: 8 total, 8 available
 Memory: 8101M
 Large Page Support: Disabled
 NUMA Support: Disabled
 Compressed Oops: Enabled (32-bit)
 Heap Region Size: 1M
 Heap Min Capacity: 8M
 Heap Initial Capacity: 128M
 Heap Max Capacity: 2026M
 Pre-touch: Disabled
 Parallel Workers: 8
 Concurrent Workers: 2
 Concurrent Refinement Workers: 8
 Periodic GC: Disabled
Heap:
 garbage-first heap   total 92160K, used 71157K [0x0000000081600000, 0x0000000100000000)
  region size 1024K, 40 young (40960K), 4 survivors (4096K)
 Metaspace       used 92706K, committed 93568K, reserved 1179648K
  class space    used 11145K, committed 11584K, reserved 1048576K
GC Heap History (20 events):
Event: 2560.174 GC heap before
{Heap before GC invocations=62 (full 7):
 garbage-first heap   total 92160K, used 77676K [0x0000000081600000, 0x0000000100000000)
  region size 1024K, 47 young (48128K), 0 survivors (0K)
 Metaspace       used 90725K, committed 91584K, reserved 1179648K
  class space    used 11026K, committed 11456K, reserved 1048576K
}
Event: 2560.178 GC heap after
{Heap after GC invocations=63 (full 7):
 garbage-first heap   total 92160K, used 34250K [0x0000000081600000, 0x0000000100000000)
  region size 1024K, 4 young (4096K), 4 survivors (4096K)
 Metaspace       used 90725K, committed 91584K, reserved 1179648K
  class space    used 11026K, committed 11456K, reserved 1048576K
}
Event: 2600.871 GC heap before
{Heap before GC invocations=64 (full 7):
 garbage-first heap   total 92160K, used 62922K [0x0000000081600000, 0x0000000100000000)
  region size 1024K, 34 young (34816K), 4 survivors (4096K)
 Metaspace       used 91167K, committed 92096K, reserved 1179648K
  class space    used 11073K, committed 11520K, reserved 1048576K
}
Event: 2600.916 GC heap after
{Heap after GC invocations=65 (full 8):
 garbage-first heap   total 92160K, used 31294K [0x0000000081600000, 0x0000000100000000)
  region size 1024K, 0 young (0K), 0 survivors (0K)
 Metaspace       used 91165K, committed 92096K, reserved 1179648K
  class space    used 11073K, committed 11520K, reserved 1048576K
}
Event: 2601.393 GC heap before
{Heap before GC invocations=65 (full 8):
 garbage-first heap   total 92160K, used 77374K [0x0000000081600000, 0x0000000100000000)
  region size 1024K, 46 young (47104K), 0 survivors (0K)
 Metaspace       used 91317K, committed 92224K, reserved 1179648K
  class space    used 11084K, committed 11520K, reserved 1048576K
}
Event: 2601.398 GC heap after
{Heap after GC invocations=66 (full 8):
 garbage-first heap   total 92160K, used 35041K [0x0000000081600000, 0x0000000100000000)
  region size 1024K, 4 young (4096K), 4 survivors (4096K)
 Metaspace       used 91317K, committed 92224K, reserved 1179648K
  class space    used 11084K, committed 11520K, reserved 1048576K
}
Event: 2633.629 GC heap before
{Heap before GC invocations=67 (full 8):
 garbage-first heap   total 92160K, used 60641K [0x0000000081600000, 0x0000000100000000)
  region size 1024K, 30 young (30720K), 4 survivors (4096K)
 Metaspace       used 91576K, committed 92416K, reserved 1179648K
  class space    used 11093K, committed 11520K, reserved 1048576K
}
Event: 2633.672 GC heap after
{Heap after GC invocations=68 (full 9):
 garbage-first heap   total 92160K, used 30837K [0x0000000081600000, 0x0000000100000000)
  region size 1024K, 0 young (0K), 0 survivors (0K)
 Metaspace       used 91576K, committed 92416K, reserved 1179648K
  class space    used 11093K, committed 11520K, reserved 1048576K
}
Event: 2634.110 GC heap before
{Heap before GC invocations=68 (full 9):
 garbage-first heap   total 92160K, used 77941K [0x0000000081600000, 0x0000000100000000)
  region size 1024K, 47 young (48128K), 0 survivors (0K)
 Metaspace       used 91796K, committed 92672K, reserved 1179648K
  class space    used 11106K, committed 11520K, reserved 1048576K
}
Event: 2634.113 GC heap after
{Heap after GC invocations=69 (full 9):
 garbage-first heap   total 92160K, used 34412K [0x0000000081600000, 0x0000000100000000)
  region size 1024K, 4 young (4096K), 4 survivors (4096K)
 Metaspace       used 91796K, committed 92672K, reserved 1179648K
  class space    used 11106K, committed 11520K, reserved 1048576K
}
Event: 2643.864 GC heap before
{Heap before GC invocations=70 (full 9):
 garbage-first heap   total 92160K, used 54892K [0x0000000081600000, 0x0000000100000000)
  region size 1024K, 25 young (25600K), 4 survivors (4096K)
 Metaspace       used 91921K, committed 92800K, reserved 1179648K
  class space    used 11110K, committed 11520K, reserved 1048576K
}
Event: 2643.904 GC heap after
{Heap after GC invocations=71 (full 10):
 garbage-first heap   total 92160K, used 30964K [0x0000000081600000, 0x0000000100000000)
  region size 1024K, 0 young (0K), 0 survivors (0K)
 Metaspace       used 91919K, committed 92800K, reserved 1179648K
  class space    used 11109K, committed 11520K, reserved 1048576K
}
Event: 2644.331 GC heap before
{Heap before GC invocations=71 (full 10):
 garbage-first heap   total 92160K, used 78068K [0x0000000081600000, 0x0000000100000000)
  region size 1024K, 47 young (48128K), 0 survivors (0K)
 Metaspace       used 92119K, committed 92992K, reserved 1179648K
  class space    used 11122K, committed 11520K, reserved 1048576K
}
Event: 2644.334 GC heap after
{Heap after GC invocations=72 (full 10):
 garbage-first heap   total 92160K, used 34622K [0x0000000081600000, 0x0000000100000000)
  region size 1024K, 4 young (4096K), 4 survivors (4096K)
 Metaspace       used 92119K, committed 92992K, reserved 1179648K
  class space    used 11122K, committed 11520K, reserved 1048576K
}
Event: 2777.792 GC heap before
{Heap before GC invocations=73 (full 10):
 garbage-first heap   total 92160K, used 78654K [0x0000000081600000, 0x0000000100000000)
  region size 1024K, 48 young (49152K), 4 survivors (4096K)
 Metaspace       used 92273K, committed 93120K, reserved 1179648K
  class space    used 11127K, committed 11520K, reserved 1048576K
}
Event: 2777.797 GC heap after
{Heap after GC invocations=74 (full 10):
 garbage-first heap   total 92160K, used 36437K [0x0000000081600000, 0x0000000100000000)
  region size 1024K, 3 young (3072K), 3 survivors (3072K)
 Metaspace       used 92273K, committed 93120K, reserved 1179648K
  class space    used 11127K, committed 11520K, reserved 1048576K
}
Event: 2777.847 GC heap before
{Heap before GC invocations=74 (full 10):
 garbage-first heap   total 92160K, used 37461K [0x0000000081600000, 0x0000000100000000)
  region size 1024K, 5 young (5120K), 3 survivors (3072K)
 Metaspace       used 92305K, committed 93184K, reserved 1179648K
  class space    used 11128K, committed 11520K, reserved 1048576K
}
Event: 2777.897 GC heap after
{Heap after GC invocations=75 (full 11):
 garbage-first heap   total 92160K, used 31698K [0x0000000081600000, 0x0000000100000000)
  region size 1024K, 0 young (0K), 0 survivors (0K)
 Metaspace       used 92294K, committed 93184K, reserved 1179648K
  class space    used 11127K, committed 11520K, reserved 1048576K
}
Event: 2778.367 GC heap before
{Heap before GC invocations=75 (full 11):
 garbage-first heap   total 92160K, used 78802K [0x0000000081600000, 0x0000000100000000)
  region size 1024K, 47 young (48128K), 0 survivors (0K)
 Metaspace       used 92535K, committed 93440K, reserved 1179648K
  class space    used 11139K, committed 11584K, reserved 1048576K
}
Event: 2778.370 GC heap after
{Heap after GC invocations=76 (full 11):
 garbage-first heap   total 92160K, used 35411K [0x0000000081600000, 0x0000000100000000)
  region size 1024K, 4 young (4096K), 4 survivors (4096K)
 Metaspace       used 92535K, committed 93440K, reserved 1179648K
  class space    used 11139K, committed 11584K, reserved 1048576K
}

